<?xml version="1.0" encoding="UTF-8"?>
<!-- Generated by org.testng.reporters.JUnitReportReporter -->
<testsuite hostname="DESKTOP-36TQ139" failures="0" tests="1" name="com.google.tests.N_0001_SearchResultsClickingSearchButtonUnderSearchFieldTest" time="7.866" errors="0" timestamp="2024-03-27T16:53:51 EET" skipped="0">
  <testcase classname="com.google.tests.N_0001_SearchResultsClickingSearchButtonUnderSearchFieldTest" name="searchResultsClickingSearchButtonUnderSearchField" time="7.866"/>
  <system-out/>
</testsuite> <!-- com.google.tests.N_0001_SearchResultsClickingSearchButtonUnderSearchFieldTest -->
