<?xml version="1.0" encoding="UTF-8"?>
<!-- Generated by org.testng.reporters.JUnitReportReporter -->
<testsuite hostname="DESKTOP-36TQ139" failures="0" tests="3" name="com.google.tests.N_0003_SearchResultsClickingEnterButtonTest" time="11.813" errors="0" timestamp="2024-02-17T17:49:23 EET" skipped="0">
  <testcase classname="com.google.tests.N_0003_SearchResultsClickingEnterButtonTest" name="searchResultsClickingEnterButton" time="2.934"/>
  <system-out/>
  <testcase classname="com.google.tests.N_0003_SearchResultsClickingEnterButtonTest" name="searchResultsClickingEnterButton" time="3.922"/>
  <system-out/>
  <testcase classname="com.google.tests.N_0003_SearchResultsClickingEnterButtonTest" name="searchResultsClickingEnterButton" time="4.957"/>
  <system-out/>
</testsuite> <!-- com.google.tests.N_0003_SearchResultsClickingEnterButtonTest -->
