<?xml version="1.0" encoding="UTF-8"?>
<!-- Generated by org.testng.reporters.JUnitReportReporter -->
<testsuite hostname="DESKTOP-36TQ139" failures="0" tests="3" name="com.google.tests.N_0004_ClickSearchButtonWhenSearchFieldIsEmptyTest" time="14.078" errors="0" timestamp="2024-02-17T17:49:23 EET" skipped="0">
  <testcase classname="com.google.tests.N_0004_ClickSearchButtonWhenSearchFieldIsEmptyTest" name="clickSearchButtonWhenSearchFieldIsEmpty" time="4.518"/>
  <system-out/>
  <testcase classname="com.google.tests.N_0004_ClickSearchButtonWhenSearchFieldIsEmptyTest" name="clickSearchButtonWhenSearchFieldIsEmpty" time="3.348"/>
  <system-out/>
  <testcase classname="com.google.tests.N_0004_ClickSearchButtonWhenSearchFieldIsEmptyTest" name="clickSearchButtonWhenSearchFieldIsEmpty" time="6.212"/>
  <system-out/>
</testsuite> <!-- com.google.tests.N_0004_ClickSearchButtonWhenSearchFieldIsEmptyTest -->
