<?xml version="1.0" encoding="UTF-8"?>
<!-- Generated by org.testng.reporters.JUnitReportReporter -->
<testsuite hostname="DESKTOP-36TQ139" failures="0" tests="1" name="com.google.tests.N_0001_SearchResultsClickingSearchButtonUnderSearchFieldTest" time="8.177" errors="0" timestamp="2024-03-28T17:01:49 EET" skipped="0">
  <testcase classname="com.google.tests.N_0001_SearchResultsClickingSearchButtonUnderSearchFieldTest" name="searchResultsClickingSearchButtonUnderSearchField" time="8.177"/>
  <system-out/>
</testsuite> <!-- com.google.tests.N_0001_SearchResultsClickingSearchButtonUnderSearchFieldTest -->
