<?xml version="1.0" encoding="UTF-8"?>
<!-- Generated by org.testng.reporters.JUnitReportReporter -->
<testsuite hostname="DESKTOP-36TQ139" failures="0" tests="3" name="com.google.tests.N_0002_SearchResultsClickingSearchButtonOnDropDownMenuTest" time="10.428" errors="0" timestamp="2024-02-17T17:49:23 EET" skipped="0">
  <testcase classname="com.google.tests.N_0002_SearchResultsClickingSearchButtonOnDropDownMenuTest" name="searchResultsClickingSearchButtonOnDropDownMenu" time="3.032"/>
  <system-out/>
  <testcase classname="com.google.tests.N_0002_SearchResultsClickingSearchButtonOnDropDownMenuTest" name="searchResultsClickingSearchButtonOnDropDownMenu" time="3.750"/>
  <system-out/>
  <testcase classname="com.google.tests.N_0002_SearchResultsClickingSearchButtonOnDropDownMenuTest" name="searchResultsClickingSearchButtonOnDropDownMenu" time="3.646"/>
  <system-out/>
</testsuite> <!-- com.google.tests.N_0002_SearchResultsClickingSearchButtonOnDropDownMenuTest -->
